mobile/android/app/build/intermediates/manifest_merge_blame_file/release/manifest-merger-blame-release-report.txt
1<?xml version="1.0" encoding="utf-8"?>
2<manifest xmlns:android="http://schemas.android.com/apk/res/android"
3    package="com.afroboost.app"
4    android:versionCode="1"
5    android:versionName="1.0" >
6
7    <uses-sdk
8        android:minSdkVersion="22"
9        android:targetSdkVersion="35" />
10
11    <!-- Permissions -->
12
13    <uses-permission android:name="android.permission.INTERNET" />
13-->src/main/AndroidManifest.xml:34:5-67
13-->src/main/AndroidManifest.xml:34:22-64
14
15    <!--
16         V323 : CAMERA — indispensable au SCANNER QR. Le scan passe par getUserMedia
17         dans la webview ; sans cette permission, Android refuse l'accès et le
18         scanner reste noir. L'autorisation est demandée À L'EXÉCUTION, au premier
19         scan (voir MainActivity), jamais au lancement.
20    -->
21    <uses-permission android:name="android.permission.CAMERA" />
21-->src/main/AndroidManifest.xml:40:5-65
21-->src/main/AndroidManifest.xml:40:22-62
22
23    <!--
24         La caméra n'est pas OBLIGATOIRE pour installer l'app : sans ce `required=false`,
25         Google Play masquerait Afroboost aux appareils sans caméra (certaines
26         tablettes), alors que tout le reste (réservation, paiement, chat) fonctionne.
27    -->
28    <uses-feature
28-->src/main/AndroidManifest.xml:45:5-85
29        android:name="android.hardware.camera"
29-->src/main/AndroidManifest.xml:45:19-57
30        android:required="false" />
30-->src/main/AndroidManifest.xml:45:58-82
31    <uses-feature
31-->src/main/AndroidManifest.xml:46:5-95
32        android:name="android.hardware.camera.autofocus"
32-->src/main/AndroidManifest.xml:46:19-67
33        android:required="false" />
33-->src/main/AndroidManifest.xml:46:68-92
34
35    <queries>
35-->[:capacitor-browser] AndroidManifest.xml:7:5-11:15
36        <intent>
36-->[:capacitor-browser] AndroidManifest.xml:8:9-10:18
37            <action android:name="android.support.customtabs.action.CustomTabsService" />
37-->[:capacitor-browser] AndroidManifest.xml:9:13-90
37-->[:capacitor-browser] AndroidManifest.xml:9:21-87
38        </intent>
39    </queries>
40
41    <permission
41-->[androidx.core:core:1.12.0] AndroidManifest.xml:22:5-24:47
42        android:name="com.afroboost.app.DYNAMIC_RECEIVER_NOT_EXPORTED_PERMISSION"
42-->[androidx.core:core:1.12.0] AndroidManifest.xml:23:9-81
43        android:protectionLevel="signature" />
43-->[androidx.core:core:1.12.0] AndroidManifest.xml:24:9-44
44
45    <uses-permission android:name="com.afroboost.app.DYNAMIC_RECEIVER_NOT_EXPORTED_PERMISSION" />
45-->[androidx.core:core:1.12.0] AndroidManifest.xml:26:5-97
45-->[androidx.core:core:1.12.0] AndroidManifest.xml:26:22-94
46
47    <application
47-->src/main/AndroidManifest.xml:3:5-30:19
48        android:allowBackup="true"
48-->src/main/AndroidManifest.xml:4:9-35
49        android:appComponentFactory="androidx.core.app.CoreComponentFactory"
49-->[androidx.core:core:1.12.0] AndroidManifest.xml:28:18-86
50        android:extractNativeLibs="true"
51        android:icon="@mipmap/ic_launcher"
51-->src/main/AndroidManifest.xml:5:9-43
52        android:label="@string/app_name"
52-->src/main/AndroidManifest.xml:6:9-41
53        android:roundIcon="@mipmap/ic_launcher_round"
53-->src/main/AndroidManifest.xml:7:9-54
54        android:supportsRtl="true"
54-->src/main/AndroidManifest.xml:8:9-35
55        android:theme="@style/AppTheme" >
55-->src/main/AndroidManifest.xml:9:9-40
56        <activity
56-->src/main/AndroidManifest.xml:10:9-21:20
57            android:name="com.afroboost.app.MainActivity"
57-->src/main/AndroidManifest.xml:12:13-41
58            android:configChanges="orientation|keyboardHidden|keyboard|screenSize|locale|smallestScreenSize|screenLayout|uiMode"
58-->src/main/AndroidManifest.xml:11:13-129
59            android:exported="true"
59-->src/main/AndroidManifest.xml:16:13-36
60            android:label="@string/title_activity_main"
60-->src/main/AndroidManifest.xml:13:13-56
61            android:launchMode="singleTask"
61-->src/main/AndroidManifest.xml:15:13-44
62            android:theme="@style/AppTheme.NoActionBarLaunch" >
62-->src/main/AndroidManifest.xml:14:13-62
63            <intent-filter>
63-->src/main/AndroidManifest.xml:17:13-20:29
64                <action android:name="android.intent.action.MAIN" />
64-->src/main/AndroidManifest.xml:18:17-69
64-->src/main/AndroidManifest.xml:18:25-66
65
66                <category android:name="android.intent.category.LAUNCHER" />
66-->src/main/AndroidManifest.xml:19:17-77
66-->src/main/AndroidManifest.xml:19:27-74
67            </intent-filter>
68        </activity>
69
70        <provider
71            android:name="androidx.core.content.FileProvider"
71-->src/main/AndroidManifest.xml:24:13-62
72            android:authorities="com.afroboost.app.fileprovider"
72-->src/main/AndroidManifest.xml:25:13-64
73            android:exported="false"
73-->src/main/AndroidManifest.xml:26:13-37
74            android:grantUriPermissions="true" >
74-->src/main/AndroidManifest.xml:27:13-47
75            <meta-data
75-->src/main/AndroidManifest.xml:28:13-112
76                android:name="android.support.FILE_PROVIDER_PATHS"
76-->src/main/AndroidManifest.xml:28:24-74
77                android:resource="@xml/file_paths" />
77-->src/main/AndroidManifest.xml:28:75-109
78        </provider>
79
80        <activity
80-->[:capacitor-browser] AndroidManifest.xml:14:9-18:75
81            android:name="com.capacitorjs.plugins.browser.BrowserControllerActivity"
81-->[:capacitor-browser] AndroidManifest.xml:15:13-85
82            android:exported="false"
82-->[:capacitor-browser] AndroidManifest.xml:16:13-37
83            android:launchMode="singleTask"
83-->[:capacitor-browser] AndroidManifest.xml:17:13-44
84            android:theme="@android:style/Theme.Translucent.NoTitleBar" />
84-->[:capacitor-browser] AndroidManifest.xml:18:13-72
85
86        <provider
86-->[androidx.emoji2:emoji2:1.2.0] AndroidManifest.xml:24:9-32:20
87            android:name="androidx.startup.InitializationProvider"
87-->[androidx.emoji2:emoji2:1.2.0] AndroidManifest.xml:25:13-67
88            android:authorities="com.afroboost.app.androidx-startup"
88-->[androidx.emoji2:emoji2:1.2.0] AndroidManifest.xml:26:13-68
89            android:exported="false" >
89-->[androidx.emoji2:emoji2:1.2.0] AndroidManifest.xml:27:13-37
90            <meta-data
90-->[androidx.emoji2:emoji2:1.2.0] AndroidManifest.xml:29:13-31:52
91                android:name="androidx.emoji2.text.EmojiCompatInitializer"
91-->[androidx.emoji2:emoji2:1.2.0] AndroidManifest.xml:30:17-75
92                android:value="androidx.startup" />
92-->[androidx.emoji2:emoji2:1.2.0] AndroidManifest.xml:31:17-49
93            <meta-data
93-->[androidx.lifecycle:lifecycle-process:2.6.1] AndroidManifest.xml:29:13-31:52
94                android:name="androidx.lifecycle.ProcessLifecycleInitializer"
94-->[androidx.lifecycle:lifecycle-process:2.6.1] AndroidManifest.xml:30:17-78
95                android:value="androidx.startup" />
95-->[androidx.lifecycle:lifecycle-process:2.6.1] AndroidManifest.xml:31:17-49
96            <meta-data
96-->[androidx.profileinstaller:profileinstaller:1.3.0] AndroidManifest.xml:29:13-31:52
97                android:name="androidx.profileinstaller.ProfileInstallerInitializer"
97-->[androidx.profileinstaller:profileinstaller:1.3.0] AndroidManifest.xml:30:17-85
98                android:value="androidx.startup" />
98-->[androidx.profileinstaller:profileinstaller:1.3.0] AndroidManifest.xml:31:17-49
99        </provider>
100
101        <receiver
101-->[androidx.profileinstaller:profileinstaller:1.3.0] AndroidManifest.xml:34:9-52:20
102            android:name="androidx.profileinstaller.ProfileInstallReceiver"
102-->[androidx.profileinstaller:profileinstaller:1.3.0] AndroidManifest.xml:35:13-76
103            android:directBootAware="false"
103-->[androidx.profileinstaller:profileinstaller:1.3.0] AndroidManifest.xml:36:13-44
104            android:enabled="true"
104-->[androidx.profileinstaller:profileinstaller:1.3.0] AndroidManifest.xml:37:13-35
105            android:exported="true"
105-->[androidx.profileinstaller:profileinstaller:1.3.0] AndroidManifest.xml:38:13-36
106            android:permission="android.permission.DUMP" >
106-->[androidx.profileinstaller:profileinstaller:1.3.0] AndroidManifest.xml:39:13-57
107            <intent-filter>
107-->[androidx.profileinstaller:profileinstaller:1.3.0] AndroidManifest.xml:40:13-42:29
108                <action android:name="androidx.profileinstaller.action.INSTALL_PROFILE" />
108-->[androidx.profileinstaller:profileinstaller:1.3.0] AndroidManifest.xml:41:17-91
108-->[androidx.profileinstaller:profileinstaller:1.3.0] AndroidManifest.xml:41:25-88
109            </intent-filter>
110            <intent-filter>
110-->[androidx.profileinstaller:profileinstaller:1.3.0] AndroidManifest.xml:43:13-45:29
111                <action android:name="androidx.profileinstaller.action.SKIP_FILE" />
111-->[androidx.profileinstaller:profileinstaller:1.3.0] AndroidManifest.xml:44:17-85
111-->[androidx.profileinstaller:profileinstaller:1.3.0] AndroidManifest.xml:44:25-82
112            </intent-filter>
113            <intent-filter>
113-->[androidx.profileinstaller:profileinstaller:1.3.0] AndroidManifest.xml:46:13-48:29
114                <action android:name="androidx.profileinstaller.action.SAVE_PROFILE" />
114-->[androidx.profileinstaller:profileinstaller:1.3.0] AndroidManifest.xml:47:17-88
114-->[androidx.profileinstaller:profileinstaller:1.3.0] AndroidManifest.xml:47:25-85
115            </intent-filter>
116            <intent-filter>
116-->[androidx.profileinstaller:profileinstaller:1.3.0] AndroidManifest.xml:49:13-51:29
117                <action android:name="androidx.profileinstaller.action.BENCHMARK_OPERATION" />
117-->[androidx.profileinstaller:profileinstaller:1.3.0] AndroidManifest.xml:50:17-95
117-->[androidx.profileinstaller:profileinstaller:1.3.0] AndroidManifest.xml:50:25-92
118            </intent-filter>
119        </receiver>
120    </application>
121
122</manifest>